<?xml version="1.0" encoding="UTF-8"?>
<!-- Generated by org.testng.reporters.JUnitXMLReporter -->
<testsuite ignored="0" hostname="DESKTOP-MEL0TQP" failures="2" tests="4" name="Test" time="0.071" errors="0" timestamp="2023-12-06T19:47:20 IST">
  <testcase classname="Practice.ThreeMethods1" name="me1" time="0.011"/>
  <testcase classname="Practice.ThreeMethods1" name="me2" time="0.002"/>
  <testcase classname="Practice.ThreeMethods1" name="me3" time="0.003">
    <failure type="java.lang.NullPointerException" message="Cannot invoke &amp;quot;org.testng.ITestResult.getMethod()&amp;quot; because &amp;quot;result&amp;quot; is null">
      <![CDATA[java.lang.NullPointerException: Cannot invoke "org.testng.ITestResult.getMethod()" because "result" is null
at Generic_utilities.ListenerImplementation.onTestFailure(ListenerImplementation.java:15)
at Practice.ThreeMethods1.me3(ThreeMethods1.java:33)
at java.base/java.util.ArrayList.forEach(ArrayList.java:1511)
... Removed 25 stack frames]]>
    </failure>
  </testcase> <!-- me3 -->
  <testcase classname="Practice.ThreeMethods1" name="me3" time="0.02">
    <failure type="java.lang.NullPointerException" message="Cannot invoke &amp;quot;Object.getClass()&amp;quot; because &amp;quot;object&amp;quot; is null">
      <![CDATA[java.lang.NullPointerException: Cannot invoke "Object.getClass()" because "object" is null
at org.openqa.selenium.support.events.EventFiringWebDriver.extractInterfaces(EventFiringWebDriver.java:120)
at org.openqa.selenium.support.events.EventFiringWebDriver.<init>(EventFiringWebDriver.java:94)
at Generic_utilities.ListenerImplementation.onTestFailure(ListenerImplementation.java:17)
at java.base/java.util.ArrayList.forEach(ArrayList.java:1511)
... Removed 24 stack frames]]>
    </failure>
  </testcase> <!-- me3 -->
</testsuite> <!-- Test -->
