<?xml version="1.0" encoding="UTF-8"?>
<!-- Generated by org.testng.reporters.JUnitXMLReporter -->
<testsuite ignored="0" hostname="DESKTOP-MEL0TQP" failures="2" tests="5" name="TestRunner1" time="66.871" errors="0" timestamp="2023-12-07T15:15:27 IST">
  <testcase classname="Campaigns.CreateCampaignTest1" name="createCampaignTest1" time="8.864">
    <skipped/>
  </testcase> <!-- createCampaignTest1 -->
  <testcase classname="Campaigns.CreateCampaignTest1" name="createCampaignTest1" time="8.122">
    <skipped/>
  </testcase> <!-- createCampaignTest1 -->
  <testcase classname="Campaigns.CreateCampaignTest1" name="createCampaignTest1" time="7.852">
    <skipped/>
  </testcase> <!-- createCampaignTest1 -->
  <testcase classname="Campaigns.CreateCampaignTest1" name="createCampaignTest1" time="7.805">
    <failure type="java.lang.AssertionError" message="expected [true] but found [false]">
      <![CDATA[java.lang.AssertionError: expected [true] but found [false]
at Campaigns.CreateCampaignTest1.createCampaignTest1(CreateCampaignTest1.java:103)
at java.base/java.util.ArrayList.forEach(ArrayList.java:1511)
at java.base/java.util.concurrent.FutureTask.run(FutureTask.java:317)
at java.base/java.util.concurrent.ThreadPoolExecutor.runWorker(ThreadPoolExecutor.java:1144)
at java.base/java.util.concurrent.ThreadPoolExecutor$Worker.run(ThreadPoolExecutor.java:642)
at java.base/java.lang.Thread.run(Thread.java:1589)
... Removed 22 stack frames]]>
    </failure>
  </testcase> <!-- createCampaignTest1 -->
  <testcase classname="Campaigns.CreateCampaignTest1" name="createCampaignTest1" time="64.4">
    <failure type="org.openqa.selenium.NoSuchSessionException" message="Session ID is null. Using WebDriver after calling quit()?
Build info: version: &amp;apos;3.141.59&amp;apos;, revision: &amp;apos;e82be7d358&amp;apos;, time: &amp;apos;2018-11-14T08:17:03&amp;apos;
System info: host: &amp;apos;DESKTOP-MEL0TQP&amp;apos;, ip: &amp;apos;192.168.0.150&amp;apos;, os.name: &amp;apos;Windows 11&amp;apos;, os.arch: &amp;apos;amd64&amp;apos;, os.version: &amp;apos;10.0&amp;apos;, java.version: &amp;apos;19.0.1&amp;apos;
Driver info: driver.version: EventFiringWebDriver">
      <![CDATA[org.openqa.selenium.NoSuchSessionException: Session ID is null. Using WebDriver after calling quit()?
Build info: version: '3.141.59', revision: 'e82be7d358', time: '2018-11-14T08:17:03'
System info: host: 'DESKTOP-MEL0TQP', ip: '192.168.0.150', os.name: 'Windows 11', os.arch: 'amd64', os.version: '10.0', java.version: '19.0.1'
Driver info: driver.version: EventFiringWebDriver
at org.openqa.selenium.remote.HttpCommandExecutor.execute(HttpCommandExecutor.java:125)
at org.openqa.selenium.remote.service.DriverCommandExecutor.execute(DriverCommandExecutor.java:83)
at org.openqa.selenium.remote.RemoteWebDriver.execute(RemoteWebDriver.java:552)
at org.openqa.selenium.remote.RemoteWebDriver.execute(RemoteWebDriver.java:609)
at org.openqa.selenium.remote.RemoteWebDriver.getScreenshotAs(RemoteWebDriver.java:295)
at org.openqa.selenium.support.events.EventFiringWebDriver.lambda$new$1(EventFiringWebDriver.java:105)
at jdk.proxy2/jdk.proxy2.$Proxy20.getScreenshotAs(Unknown Source)
at org.openqa.selenium.support.events.EventFiringWebDriver.getScreenshotAs(EventFiringWebDriver.java:302)
at Generic_utilities.ListenerImplementation.onTestFailure(ListenerImplementation.java:18)
at java.base/java.util.ArrayList.forEach(ArrayList.java:1511)
at java.base/java.util.concurrent.FutureTask.run(FutureTask.java:317)
at java.base/java.util.concurrent.ThreadPoolExecutor.runWorker(ThreadPoolExecutor.java:1144)
at java.base/java.util.concurrent.ThreadPoolExecutor$Worker.run(ThreadPoolExecutor.java:642)
at java.base/java.lang.Thread.run(Thread.java:1589)
... Removed 16 stack frames]]>
    </failure>
  </testcase> <!-- createCampaignTest1 -->
</testsuite> <!-- TestRunner1 -->
